{"contracts/MockERC20.sol":{"l":{"18":64,"22":0,"26":62,"30":0},"path":"/home/macoding/blokko-internal-os/varity/chains/arbitrum/deployments/testnet/testing/generic-company-dashboard/contracts/contracts/MockERC20.sol","s":{"1":0,"2":62,"3":0},"b":{},"f":{"1":64,"2":0,"3":62,"4":0},"fnMap":{"1":{"name":"constructor","line":17,"loc":{"start":{"line":13,"column":4},"end":{"line":19,"column":4}}},"2":{"name":"decimals","line":21,"loc":{"start":{"line":21,"column":4},"end":{"line":23,"column":4}}},"3":{"name":"mint","line":25,"loc":{"start":{"line":25,"column":4},"end":{"line":27,"column":4}}},"4":{"name":"burn","line":29,"loc":{"start":{"line":29,"column":4},"end":{"line":31,"column":4}}}},"statementMap":{"1":{"start":{"line":22,"column":8},"end":{"line":22,"column":24}},"2":{"start":{"line":26,"column":8},"end":{"line":26,"column":24}},"3":{"start":{"line":30,"column":8},"end":{"line":30,"column":26}}},"branchMap":{}},"contracts/MockUSDC.sol":{"l":{"39":64,"46":1,"57":33,"58":33,"60":33,"61":1,"65":32,"68":32,"70":32,"79":14,"80":14,"90":4,"91":4,"93":4,"94":2,"96":2,"106":6,"107":6,"109":6,"110":3,"112":3},"path":"/home/macoding/blokko-internal-os/varity/chains/arbitrum/deployments/testnet/testing/generic-company-dashboard/contracts/contracts/MockUSDC.sol","s":{"1":64,"2":1,"3":33,"4":33,"5":33,"6":32,"7":32,"8":14,"9":14,"10":4,"11":4,"12":2,"13":2,"14":6,"15":6,"16":6,"17":3,"18":3},"b":{"1":[1,32],"2":[14,1],"3":[2,2],"4":[3,3]},"f":{"1":64,"2":1,"3":33,"4":14,"5":4,"6":6},"fnMap":{"1":{"name":"constructor","line":37,"loc":{"start":{"line":37,"column":4},"end":{"line":40,"column":4}}},"2":{"name":"decimals","line":45,"loc":{"start":{"line":45,"column":4},"end":{"line":47,"column":4}}},"3":{"name":"faucet","line":56,"loc":{"start":{"line":56,"column":4},"end":{"line":71,"column":4}}},"4":{"name":"mint","line":78,"loc":{"start":{"line":78,"column":4},"end":{"line":81,"column":4}}},"5":{"name":"canClaimFaucet","line":89,"loc":{"start":{"line":89,"column":4},"end":{"line":98,"column":4}}},"6":{"name":"timeUntilNextClaim","line":105,"loc":{"start":{"line":105,"column":4},"end":{"line":114,"column":4}}}},"statementMap":{"1":{"start":{"line":39,"column":8},"end":{"line":39,"column":54}},"2":{"start":{"line":46,"column":8},"end":{"line":46,"column":23}},"3":{"start":{"line":57,"column":8},"end":{"line":57,"column":55}},"4":{"start":{"line":58,"column":8},"end":{"line":58,"column":57}},"5":{"start":{"line":60,"column":8},"end":{"line":60,"column":1971}},"6":{"start":{"line":68,"column":8},"end":{"line":68,"column":39}},"7":{"start":{"line":70,"column":8},"end":{"line":70,"column":67}},"8":{"start":{"line":79,"column":8},"end":{"line":79,"column":24}},"9":{"start":{"line":80,"column":8},"end":{"line":80,"column":54}},"10":{"start":{"line":90,"column":8},"end":{"line":90,"column":49}},"11":{"start":{"line":93,"column":8},"end":{"line":93,"column":3082}},"12":{"start":{"line":94,"column":12},"end":{"line":94,"column":28}},"13":{"start":{"line":96,"column":12},"end":{"line":96,"column":40}},"14":{"start":{"line":106,"column":8},"end":{"line":106,"column":49}},"15":{"start":{"line":107,"column":8},"end":{"line":107,"column":57}},"16":{"start":{"line":109,"column":8},"end":{"line":109,"column":3608}},"17":{"start":{"line":110,"column":12},"end":{"line":110,"column":20}},"18":{"start":{"line":112,"column":12},"end":{"line":112,"column":48}}},"branchMap":{"1":{"line":60,"type":"if","locations":[{"start":{"line":60,"column":8},"end":{"line":60,"column":8}},{"start":{"line":60,"column":8},"end":{"line":60,"column":8}}]},"2":{"line":78,"type":"if","locations":[{"start":{"line":78,"column":55},"end":{"line":78,"column":55}},{"start":{"line":78,"column":55},"end":{"line":78,"column":55}}]},"3":{"line":93,"type":"if","locations":[{"start":{"line":93,"column":8},"end":{"line":93,"column":8}},{"start":{"line":93,"column":8},"end":{"line":93,"column":8}}]},"4":{"line":109,"type":"if","locations":[{"start":{"line":109,"column":8},"end":{"line":109,"column":8}},{"start":{"line":109,"column":8},"end":{"line":109,"column":8}}]}}},"contracts/RevenueSplitter.sol":{"l":{"138":1,"150":63,"152":62,"153":62,"154":62,"156":62,"158":62,"159":62,"160":62,"162":62,"181":22,"182":21,"183":20,"186":19,"187":19,"190":19,"191":19,"192":19,"193":19,"194":19,"195":19,"198":19,"199":19,"202":19,"204":19,"233":21,"234":20,"235":19,"237":18,"240":18,"243":18,"244":18,"247":18,"248":18,"249":18,"250":18,"251":18,"252":18,"255":18,"258":18,"260":18,"279":8,"281":7,"282":7,"285":6,"288":6,"289":6,"291":6,"303":6,"305":5,"306":5,"309":4,"312":4,"314":4,"328":2,"330":1,"331":1,"333":1,"348":64,"349":64,"359":7,"360":7,"373":5,"386":8,"400":8},"path":"/home/macoding/blokko-internal-os/varity/chains/arbitrum/deployments/testnet/testing/generic-company-dashboard/contracts/contracts/RevenueSplitter.sol","s":{"1":1,"2":63,"3":62,"4":62,"5":62,"6":62,"7":62,"8":62,"9":22,"10":21,"11":20,"12":19,"13":19,"14":19,"15":19,"16":19,"17":19,"18":21,"19":20,"20":19,"21":18,"22":18,"23":18,"24":18,"25":18,"26":18,"27":18,"28":8,"29":7,"30":7,"31":6,"32":6,"33":6,"34":6,"35":5,"36":5,"37":4,"38":4,"39":2,"40":1,"41":1,"42":64,"43":7,"44":5,"45":8,"46":8},"b":{"1":[63,0],"2":[1,62],"3":[22,1],"4":[22,0],"5":[1,21],"6":[1,20],"7":[1,19],"8":[0,19],"9":[21,1],"10":[21,0],"11":[1,20],"12":[1,19],"13":[1,18],"14":[8,0],"15":[1,7],"16":[1,6],"17":[0,6],"18":[6,0],"19":[1,5],"20":[1,4],"21":[2,1],"22":[1,1],"23":[64,1],"24":[7,1],"25":[2,0]},"f":{"1":1,"2":63,"3":22,"4":21,"5":8,"6":6,"7":2,"8":64,"9":7,"10":5,"11":8,"12":8,"13":2},"fnMap":{"1":{"name":"constructor","line":137,"loc":{"start":{"line":137,"column":4},"end":{"line":139,"column":4}}},"2":{"name":"initialize","line":149,"loc":{"start":{"line":146,"column":4},"end":{"line":163,"column":4}}},"3":{"name":"processPayment","line":180,"loc":{"start":{"line":176,"column":4},"end":{"line":212,"column":4}}},"4":{"name":"processStablecoinPayment","line":232,"loc":{"start":{"line":227,"column":4},"end":{"line":269,"column":4}}},"5":{"name":"withdrawPending","line":278,"loc":{"start":{"line":278,"column":4},"end":{"line":292,"column":4}}},"6":{"name":"withdrawPendingTokens","line":302,"loc":{"start":{"line":302,"column":4},"end":{"line":315,"column":4}}},"7":{"name":"updateTreasury","line":326,"loc":{"start":{"line":324,"column":4},"end":{"line":334,"column":4}}},"8":{"name":"setTokenWhitelist","line":346,"loc":{"start":{"line":344,"column":4},"end":{"line":350,"column":4}}},"9":{"name":"togglePause","line":358,"loc":{"start":{"line":358,"column":4},"end":{"line":361,"column":4}}},"10":{"name":"getRevenueSplit","line":368,"loc":{"start":{"line":368,"column":4},"end":{"line":374,"column":4}}},"11":{"name":"getPendingWithdrawal","line":381,"loc":{"start":{"line":381,"column":4},"end":{"line":387,"column":4}}},"12":{"name":"getPendingTokenWithdrawal","line":395,"loc":{"start":{"line":395,"column":4},"end":{"line":401,"column":4}}},"13":{"name":"_authorizeUpgrade","line":409,"loc":{"start":{"line":406,"column":4},"end":{"line":410,"column":5}}}},"statementMap":{"1":{"start":{"line":138,"column":8},"end":{"line":138,"column":29}},"2":{"start":{"line":150,"column":8},"end":{"line":150,"column":75}},"3":{"start":{"line":152,"column":8},"end":{"line":152,"column":29}},"4":{"start":{"line":153,"column":8},"end":{"line":153,"column":31}},"5":{"start":{"line":154,"column":8},"end":{"line":154,"column":31}},"6":{"start":{"line":158,"column":8},"end":{"line":158,"column":45}},"7":{"start":{"line":159,"column":8},"end":{"line":159,"column":43}},"8":{"start":{"line":160,"column":8},"end":{"line":160,"column":40}},"9":{"start":{"line":181,"column":8},"end":{"line":181,"column":43}},"10":{"start":{"line":182,"column":8},"end":{"line":182,"column":78}},"11":{"start":{"line":183,"column":8},"end":{"line":183,"column":53}},"12":{"start":{"line":186,"column":8},"end":{"line":186,"column":74}},"13":{"start":{"line":187,"column":8},"end":{"line":187,"column":52}},"14":{"start":{"line":190,"column":8},"end":{"line":190,"column":55}},"15":{"start":{"line":198,"column":8},"end":{"line":198,"column":79}},"16":{"start":{"line":199,"column":8},"end":{"line":199,"column":81}},"17":{"start":{"line":204,"column":8},"end":{"line":204,"column":6629}},"18":{"start":{"line":233,"column":8},"end":{"line":233,"column":43}},"19":{"start":{"line":234,"column":8},"end":{"line":234,"column":72}},"20":{"start":{"line":235,"column":8},"end":{"line":235,"column":53}},"21":{"start":{"line":237,"column":8},"end":{"line":237,"column":41}},"22":{"start":{"line":240,"column":8},"end":{"line":240,"column":69}},"23":{"start":{"line":243,"column":8},"end":{"line":243,"column":74}},"24":{"start":{"line":244,"column":8},"end":{"line":244,"column":52}},"25":{"start":{"line":247,"column":8},"end":{"line":247,"column":55}},"26":{"start":{"line":255,"column":8},"end":{"line":255,"column":61}},"27":{"start":{"line":260,"column":8},"end":{"line":260,"column":8563}},"28":{"start":{"line":279,"column":8},"end":{"line":279,"column":43}},"29":{"start":{"line":281,"column":8},"end":{"line":281,"column":55}},"30":{"start":{"line":282,"column":8},"end":{"line":282,"column":64}},"31":{"start":{"line":288,"column":8},"end":{"line":288,"column":61}},"32":{"start":{"line":289,"column":8},"end":{"line":289,"column":63}},"33":{"start":{"line":291,"column":8},"end":{"line":291,"column":69}},"34":{"start":{"line":303,"column":8},"end":{"line":303,"column":43}},"35":{"start":{"line":305,"column":8},"end":{"line":305,"column":67}},"36":{"start":{"line":306,"column":8},"end":{"line":306,"column":64}},"37":{"start":{"line":312,"column":8},"end":{"line":312,"column":53}},"38":{"start":{"line":314,"column":8},"end":{"line":314,"column":81}},"39":{"start":{"line":328,"column":8},"end":{"line":328,"column":70}},"40":{"start":{"line":330,"column":8},"end":{"line":330,"column":45}},"41":{"start":{"line":333,"column":8},"end":{"line":333,"column":71}},"42":{"start":{"line":349,"column":8},"end":{"line":349,"column":66}},"43":{"start":{"line":360,"column":8},"end":{"line":360,"column":50}},"44":{"start":{"line":373,"column":8},"end":{"line":373,"column":33}},"45":{"start":{"line":386,"column":8},"end":{"line":386,"column":42}},"46":{"start":{"line":400,"column":8},"end":{"line":400,"column":54}}},"branchMap":{"1":{"line":149,"type":"if","locations":[{"start":{"line":149,"column":13},"end":{"line":149,"column":13}},{"start":{"line":149,"column":13},"end":{"line":149,"column":13}}]},"2":{"line":150,"type":"if","locations":[{"start":{"line":150,"column":8},"end":{"line":150,"column":8}},{"start":{"line":150,"column":8},"end":{"line":150,"column":8}}]},"3":{"line":180,"type":"if","locations":[{"start":{"line":180,"column":23},"end":{"line":180,"column":23}},{"start":{"line":180,"column":23},"end":{"line":180,"column":23}}]},"4":{"line":180,"type":"if","locations":[{"start":{"line":180,"column":50},"end":{"line":180,"column":50}},{"start":{"line":180,"column":50},"end":{"line":180,"column":50}}]},"5":{"line":181,"type":"if","locations":[{"start":{"line":181,"column":8},"end":{"line":181,"column":8}},{"start":{"line":181,"column":8},"end":{"line":181,"column":8}}]},"6":{"line":182,"type":"if","locations":[{"start":{"line":182,"column":8},"end":{"line":182,"column":8}},{"start":{"line":182,"column":8},"end":{"line":182,"column":8}}]},"7":{"line":183,"type":"if","locations":[{"start":{"line":183,"column":8},"end":{"line":183,"column":8}},{"start":{"line":183,"column":8},"end":{"line":183,"column":8}}]},"8":{"line":199,"type":"if","locations":[{"start":{"line":199,"column":8},"end":{"line":199,"column":8}},{"start":{"line":199,"column":8},"end":{"line":199,"column":8}}]},"9":{"line":232,"type":"if","locations":[{"start":{"line":232,"column":15},"end":{"line":232,"column":15}},{"start":{"line":232,"column":15},"end":{"line":232,"column":15}}]},"10":{"line":232,"type":"if","locations":[{"start":{"line":232,"column":42},"end":{"line":232,"column":42}},{"start":{"line":232,"column":42},"end":{"line":232,"column":42}}]},"11":{"line":233,"type":"if","locations":[{"start":{"line":233,"column":8},"end":{"line":233,"column":8}},{"start":{"line":233,"column":8},"end":{"line":233,"column":8}}]},"12":{"line":234,"type":"if","locations":[{"start":{"line":234,"column":8},"end":{"line":234,"column":8}},{"start":{"line":234,"column":8},"end":{"line":234,"column":8}}]},"13":{"line":235,"type":"if","locations":[{"start":{"line":235,"column":8},"end":{"line":235,"column":8}},{"start":{"line":235,"column":8},"end":{"line":235,"column":8}}]},"14":{"line":278,"type":"if","locations":[{"start":{"line":278,"column":40},"end":{"line":278,"column":40}},{"start":{"line":278,"column":40},"end":{"line":278,"column":40}}]},"15":{"line":279,"type":"if","locations":[{"start":{"line":279,"column":8},"end":{"line":279,"column":8}},{"start":{"line":279,"column":8},"end":{"line":279,"column":8}}]},"16":{"line":282,"type":"if","locations":[{"start":{"line":282,"column":8},"end":{"line":282,"column":8}},{"start":{"line":282,"column":8},"end":{"line":282,"column":8}}]},"17":{"line":289,"type":"if","locations":[{"start":{"line":289,"column":8},"end":{"line":289,"column":8}},{"start":{"line":289,"column":8},"end":{"line":289,"column":8}}]},"18":{"line":302,"type":"if","locations":[{"start":{"line":302,"column":59},"end":{"line":302,"column":59}},{"start":{"line":302,"column":59},"end":{"line":302,"column":59}}]},"19":{"line":303,"type":"if","locations":[{"start":{"line":303,"column":8},"end":{"line":303,"column":8}},{"start":{"line":303,"column":8},"end":{"line":303,"column":8}}]},"20":{"line":306,"type":"if","locations":[{"start":{"line":306,"column":8},"end":{"line":306,"column":8}},{"start":{"line":306,"column":8},"end":{"line":306,"column":8}}]},"21":{"line":326,"type":"if","locations":[{"start":{"line":326,"column":8},"end":{"line":326,"column":8}},{"start":{"line":326,"column":8},"end":{"line":326,"column":8}}]},"22":{"line":328,"type":"if","locations":[{"start":{"line":328,"column":8},"end":{"line":328,"column":8}},{"start":{"line":328,"column":8},"end":{"line":328,"column":8}}]},"23":{"line":346,"type":"if","locations":[{"start":{"line":346,"column":8},"end":{"line":346,"column":8}},{"start":{"line":346,"column":8},"end":{"line":346,"column":8}}]},"24":{"line":358,"type":"if","locations":[{"start":{"line":358,"column":36},"end":{"line":358,"column":36}},{"start":{"line":358,"column":36},"end":{"line":358,"column":36}}]},"25":{"line":409,"type":"if","locations":[{"start":{"line":409,"column":8},"end":{"line":409,"column":8}},{"start":{"line":409,"column":8},"end":{"line":409,"column":8}}]}}},"contracts/SubscriptionBilling.sol":{"l":{"101":1,"109":68,"110":68,"112":68,"113":68,"114":68,"116":68,"117":68,"136":71,"138":70,"141":70,"142":1,"145":69,"146":69,"149":69,"150":69,"151":69,"152":69,"153":69,"154":69,"157":69,"158":69,"159":69,"162":69,"164":69,"188":8,"190":7,"192":7,"193":1,"196":6,"199":6,"200":6,"202":6,"219":13,"221":13,"222":2,"225":11,"226":11,"227":11,"229":11,"243":11,"244":11,"258":3,"259":3,"273":6,"275":6,"276":3,"279":3,"293":12,"306":4,"319":5,"335":7,"337":6,"338":9,"340":9,"341":7,"342":7,"343":7,"345":7,"358":69,"361":69,"362":5,"363":2,"368":67},"path":"/home/macoding/blokko-internal-os/varity/chains/arbitrum/deployments/testnet/testing/generic-company-dashboard/contracts/contracts/SubscriptionBilling.sol","s":{"1":1,"2":68,"3":68,"4":68,"5":68,"6":68,"7":71,"8":70,"9":70,"10":69,"11":69,"12":69,"13":69,"14":8,"15":7,"16":7,"17":6,"18":6,"19":13,"20":13,"21":11,"22":11,"23":11,"24":3,"25":3,"26":6,"27":6,"28":3,"29":3,"30":12,"31":4,"32":5,"33":7,"34":6,"35":9,"36":9,"37":7,"38":69,"39":69,"40":5,"41":2,"42":67},"b":{"1":[68,0],"2":[71,1],"3":[1,70],"4":[1,69],"5":[8,1],"6":[1,7],"7":[1,6],"8":[2,11],"9":[3,3],"10":[2,1],"11":[6,1],"12":[7,2],"13":[2,3],"14":[2,0]},"f":{"1":1,"2":68,"3":71,"4":8,"5":13,"6":11,"7":3,"8":6,"9":12,"10":4,"11":5,"12":7,"13":69,"14":2},"fnMap":{"1":{"name":"constructor","line":100,"loc":{"start":{"line":100,"column":4},"end":{"line":102,"column":4}}},"2":{"name":"initialize","line":108,"loc":{"start":{"line":108,"column":4},"end":{"line":118,"column":4}}},"3":{"name":"createSubscription","line":135,"loc":{"start":{"line":131,"column":4},"end":{"line":171,"column":4}}},"4":{"name":"renewSubscription","line":187,"loc":{"start":{"line":183,"column":4},"end":{"line":208,"column":4}}},"5":{"name":"cancelSubscription","line":218,"loc":{"start":{"line":218,"column":4},"end":{"line":230,"column":4}}},"6":{"name":"hasActiveSubscription","line":238,"loc":{"start":{"line":238,"column":4},"end":{"line":245,"column":4}}},"7":{"name":"isSubscriptionExpired","line":253,"loc":{"start":{"line":253,"column":4},"end":{"line":260,"column":4}}},"8":{"name":"getRemainingTime","line":268,"loc":{"start":{"line":268,"column":4},"end":{"line":280,"column":4}}},"9":{"name":"getSubscription","line":288,"loc":{"start":{"line":288,"column":4},"end":{"line":294,"column":4}}},"10":{"name":"getCustomerSubscriptions","line":301,"loc":{"start":{"line":301,"column":4},"end":{"line":307,"column":4}}},"11":{"name":"getActiveSubscriberCount","line":314,"loc":{"start":{"line":314,"column":4},"end":{"line":320,"column":4}}},"12":{"name":"batchExpireSubscriptions","line":331,"loc":{"start":{"line":331,"column":4},"end":{"line":352,"column":4}}},"13":{"name":"_addToCustomerSubscriptions","line":357,"loc":{"start":{"line":357,"column":4},"end":{"line":369,"column":4}}},"14":{"name":"_authorizeUpgrade","line":377,"loc":{"start":{"line":374,"column":4},"end":{"line":378,"column":5}}}},"statementMap":{"1":{"start":{"line":101,"column":8},"end":{"line":101,"column":29}},"2":{"start":{"line":109,"column":8},"end":{"line":109,"column":29}},"3":{"start":{"line":110,"column":8},"end":{"line":110,"column":31}},"4":{"start":{"line":112,"column":8},"end":{"line":112,"column":45}},"5":{"start":{"line":113,"column":8},"end":{"line":113,"column":43}},"6":{"start":{"line":114,"column":8},"end":{"line":114,"column":40}},"7":{"start":{"line":136,"column":8},"end":{"line":136,"column":71}},"8":{"start":{"line":138,"column":8},"end":{"line":138,"column":70}},"9":{"start":{"line":141,"column":8},"end":{"line":141,"column":4571}},"10":{"start":{"line":145,"column":8},"end":{"line":145,"column":68}},"11":{"start":{"line":146,"column":8},"end":{"line":146,"column":59}},"12":{"start":{"line":162,"column":8},"end":{"line":162,"column":56}},"13":{"start":{"line":164,"column":8},"end":{"line":164,"column":5380}},"14":{"start":{"line":188,"column":8},"end":{"line":188,"column":71}},"15":{"start":{"line":190,"column":8},"end":{"line":190,"column":70}},"16":{"start":{"line":192,"column":8},"end":{"line":192,"column":6172}},"17":{"start":{"line":196,"column":8},"end":{"line":196,"column":68}},"18":{"start":{"line":202,"column":8},"end":{"line":202,"column":6485}},"19":{"start":{"line":219,"column":8},"end":{"line":219,"column":72}},"20":{"start":{"line":221,"column":8},"end":{"line":221,"column":6983}},"21":{"start":{"line":229,"column":8},"end":{"line":229,"column":75}},"22":{"start":{"line":243,"column":8},"end":{"line":243,"column":69}},"23":{"start":{"line":244,"column":8},"end":{"line":244,"column":65}},"24":{"start":{"line":258,"column":8},"end":{"line":258,"column":69}},"25":{"start":{"line":259,"column":8},"end":{"line":259,"column":66}},"26":{"start":{"line":273,"column":8},"end":{"line":273,"column":69}},"27":{"start":{"line":275,"column":8},"end":{"line":275,"column":8692}},"28":{"start":{"line":276,"column":12},"end":{"line":276,"column":20}},"29":{"start":{"line":279,"column":8},"end":{"line":279,"column":49}},"30":{"start":{"line":293,"column":8},"end":{"line":293,"column":50}},"31":{"start":{"line":306,"column":8},"end":{"line":306,"column":46}},"32":{"start":{"line":319,"column":8},"end":{"line":319,"column":50}},"33":{"start":{"line":335,"column":8},"end":{"line":335,"column":79}},"34":{"start":{"line":337,"column":8},"end":{"line":337,"column":10478}},"35":{"start":{"line":338,"column":12},"end":{"line":338,"column":82}},"36":{"start":{"line":340,"column":12},"end":{"line":340,"column":10628}},"37":{"start":{"line":345,"column":16},"end":{"line":345,"column":10850}},"38":{"start":{"line":358,"column":8},"end":{"line":358,"column":64}},"39":{"start":{"line":361,"column":8},"end":{"line":361,"column":11317}},"40":{"start":{"line":362,"column":12},"end":{"line":362,"column":11377}},"41":{"start":{"line":363,"column":16},"end":{"line":363,"column":22}},"42":{"start":{"line":368,"column":8},"end":{"line":368,"column":28}}},"branchMap":{"1":{"line":108,"type":"if","locations":[{"start":{"line":108,"column":47},"end":{"line":108,"column":47}},{"start":{"line":108,"column":47},"end":{"line":108,"column":47}}]},"2":{"line":135,"type":"if","locations":[{"start":{"line":135,"column":15},"end":{"line":135,"column":15}},{"start":{"line":135,"column":15},"end":{"line":135,"column":15}}]},"3":{"line":136,"type":"if","locations":[{"start":{"line":136,"column":8},"end":{"line":136,"column":8}},{"start":{"line":136,"column":8},"end":{"line":136,"column":8}}]},"4":{"line":141,"type":"if","locations":[{"start":{"line":141,"column":8},"end":{"line":141,"column":8}},{"start":{"line":141,"column":8},"end":{"line":141,"column":8}}]},"5":{"line":187,"type":"if","locations":[{"start":{"line":187,"column":15},"end":{"line":187,"column":15}},{"start":{"line":187,"column":15},"end":{"line":187,"column":15}}]},"6":{"line":188,"type":"if","locations":[{"start":{"line":188,"column":8},"end":{"line":188,"column":8}},{"start":{"line":188,"column":8},"end":{"line":188,"column":8}}]},"7":{"line":192,"type":"if","locations":[{"start":{"line":192,"column":8},"end":{"line":192,"column":8}},{"start":{"line":192,"column":8},"end":{"line":192,"column":8}}]},"8":{"line":221,"type":"if","locations":[{"start":{"line":221,"column":8},"end":{"line":221,"column":8}},{"start":{"line":221,"column":8},"end":{"line":221,"column":8}}]},"9":{"line":275,"type":"if","locations":[{"start":{"line":275,"column":8},"end":{"line":275,"column":8}},{"start":{"line":275,"column":8},"end":{"line":275,"column":8}}]},"10":{"line":275,"type":"cond-expr","locations":[{"start":{"line":275,"column":12},"end":{"line":275,"column":24}},{"start":{"line":275,"column":29},"end":{"line":275,"column":63}}]},"11":{"line":335,"type":"if","locations":[{"start":{"line":335,"column":8},"end":{"line":335,"column":8}},{"start":{"line":335,"column":8},"end":{"line":335,"column":8}}]},"12":{"line":340,"type":"if","locations":[{"start":{"line":340,"column":12},"end":{"line":340,"column":12}},{"start":{"line":340,"column":12},"end":{"line":340,"column":12}}]},"13":{"line":362,"type":"if","locations":[{"start":{"line":362,"column":12},"end":{"line":362,"column":12}},{"start":{"line":362,"column":12},"end":{"line":362,"column":12}}]},"14":{"line":377,"type":"if","locations":[{"start":{"line":377,"column":8},"end":{"line":377,"column":8}},{"start":{"line":377,"column":8},"end":{"line":377,"column":8}}]}}},"contracts/ToolLicenseNFT.sol":{"l":{"113":1,"122":56,"123":56,"124":56,"126":56,"127":56,"129":56,"130":56,"131":56,"154":50,"155":50,"157":50,"169":50,"178":50,"196":21,"197":20,"199":19,"200":19,"202":19,"203":19,"220":5,"222":4,"223":4,"224":4,"237":4,"239":3,"242":3,"243":1,"246":2,"247":2,"249":2,"261":4,"263":3,"266":3,"267":1,"270":2,"281":6,"283":5,"286":5,"287":1,"290":4,"291":4,"293":4,"306":22,"307":22,"315":7,"329":8,"338":2,"339":1,"360":2},"path":"/home/macoding/blokko-internal-os/varity/chains/arbitrum/deployments/testnet/testing/generic-company-dashboard/contracts/contracts/ToolLicenseNFT.sol","s":{"1":1,"2":56,"3":56,"4":56,"5":56,"6":56,"7":56,"8":50,"9":50,"10":50,"11":21,"12":20,"13":19,"14":19,"15":19,"16":5,"17":4,"18":4,"19":4,"20":3,"21":3,"22":2,"23":2,"24":4,"25":3,"26":3,"27":6,"28":5,"29":5,"30":4,"31":4,"32":22,"33":22,"34":7,"35":8,"36":2,"37":1,"38":2},"b":{"1":[56,0],"2":[50,1],"3":[21,1],"4":[1,20],"5":[1,19],"6":[5,1],"7":[4,0],"8":[1,3],"9":[1,2],"10":[1,3],"11":[1,2],"12":[1,5],"13":[1,4],"14":[0,22],"15":[1,1],"16":[2,0]},"f":{"1":1,"2":56,"3":50,"4":21,"5":5,"6":4,"7":4,"8":6,"9":22,"10":7,"11":8,"12":2,"13":2,"14":2},"fnMap":{"1":{"name":"constructor","line":112,"loc":{"start":{"line":112,"column":4},"end":{"line":114,"column":4}}},"2":{"name":"initialize","line":121,"loc":{"start":{"line":121,"column":4},"end":{"line":132,"column":4}}},"3":{"name":"listTool","line":153,"loc":{"start":{"line":147,"column":4},"end":{"line":179,"column":4}}},"4":{"name":"issueLicense","line":195,"loc":{"start":{"line":191,"column":4},"end":{"line":204,"column":4}}},"5":{"name":"revokeLicense","line":219,"loc":{"start":{"line":215,"column":4},"end":{"line":226,"column":4}}},"6":{"name":"updatePrice","line":236,"loc":{"start":{"line":236,"column":4},"end":{"line":250,"column":4}}},"7":{"name":"updateVersion","line":260,"loc":{"start":{"line":260,"column":4},"end":{"line":271,"column":4}}},"8":{"name":"toggleActive","line":280,"loc":{"start":{"line":280,"column":4},"end":{"line":294,"column":4}}},"9":{"name":"getToolMetadata","line":301,"loc":{"start":{"line":301,"column":4},"end":{"line":308,"column":4}}},"10":{"name":"totalTools","line":314,"loc":{"start":{"line":314,"column":4},"end":{"line":316,"column":4}}},"11":{"name":"hasLicense","line":324,"loc":{"start":{"line":324,"column":4},"end":{"line":330,"column":4}}},"12":{"name":"uri","line":337,"loc":{"start":{"line":337,"column":4},"end":{"line":340,"column":4}}},"13":{"name":"_authorizeUpgrade","line":348,"loc":{"start":{"line":345,"column":4},"end":{"line":349,"column":5}}},"14":{"name":"supportsInterface","line":354,"loc":{"start":{"line":354,"column":4},"end":{"line":361,"column":4}}}},"statementMap":{"1":{"start":{"line":113,"column":8},"end":{"line":113,"column":29}},"2":{"start":{"line":122,"column":8},"end":{"line":122,"column":27}},"3":{"start":{"line":123,"column":8},"end":{"line":123,"column":29}},"4":{"start":{"line":124,"column":8},"end":{"line":124,"column":31}},"5":{"start":{"line":129,"column":8},"end":{"line":129,"column":45}},"6":{"start":{"line":130,"column":8},"end":{"line":130,"column":38}},"7":{"start":{"line":131,"column":8},"end":{"line":131,"column":40}},"8":{"start":{"line":154,"column":8},"end":{"line":154,"column":39}},"9":{"start":{"line":169,"column":8},"end":{"line":169,"column":5204}},"10":{"start":{"line":178,"column":8},"end":{"line":178,"column":21}},"11":{"start":{"line":196,"column":8},"end":{"line":196,"column":65}},"12":{"start":{"line":197,"column":8},"end":{"line":197,"column":65}},"13":{"start":{"line":199,"column":8},"end":{"line":199,"column":42}},"14":{"start":{"line":202,"column":8},"end":{"line":202,"column":69}},"15":{"start":{"line":203,"column":8},"end":{"line":203,"column":69}},"16":{"start":{"line":220,"column":8},"end":{"line":220,"column":38}},"17":{"start":{"line":222,"column":8},"end":{"line":222,"column":6747}},"18":{"start":{"line":224,"column":12},"end":{"line":224,"column":73}},"19":{"start":{"line":237,"column":8},"end":{"line":237,"column":65}},"20":{"start":{"line":239,"column":8},"end":{"line":239,"column":7339}},"21":{"start":{"line":242,"column":8},"end":{"line":242,"column":7419}},"22":{"start":{"line":246,"column":8},"end":{"line":246,"column":46}},"23":{"start":{"line":249,"column":8},"end":{"line":249,"column":70}},"24":{"start":{"line":261,"column":8},"end":{"line":261,"column":65}},"25":{"start":{"line":263,"column":8},"end":{"line":263,"column":8096}},"26":{"start":{"line":266,"column":8},"end":{"line":266,"column":8176}},"27":{"start":{"line":281,"column":8},"end":{"line":281,"column":65}},"28":{"start":{"line":283,"column":8},"end":{"line":283,"column":8662}},"29":{"start":{"line":286,"column":8},"end":{"line":286,"column":8742}},"30":{"start":{"line":290,"column":8},"end":{"line":290,"column":48}},"31":{"start":{"line":293,"column":8},"end":{"line":293,"column":66}},"32":{"start":{"line":306,"column":8},"end":{"line":306,"column":65}},"33":{"start":{"line":307,"column":8},"end":{"line":307,"column":28}},"34":{"start":{"line":315,"column":8},"end":{"line":315,"column":29}},"35":{"start":{"line":329,"column":8},"end":{"line":329,"column":46}},"36":{"start":{"line":338,"column":8},"end":{"line":338,"column":65}},"37":{"start":{"line":339,"column":8},"end":{"line":339,"column":40}},"38":{"start":{"line":360,"column":8},"end":{"line":360,"column":51}}},"branchMap":{"1":{"line":121,"type":"if","locations":[{"start":{"line":121,"column":67},"end":{"line":121,"column":67}},{"start":{"line":121,"column":67},"end":{"line":121,"column":67}}]},"2":{"line":153,"type":"if","locations":[{"start":{"line":153,"column":13},"end":{"line":153,"column":13}},{"start":{"line":153,"column":13},"end":{"line":153,"column":13}}]},"3":{"line":195,"type":"if","locations":[{"start":{"line":195,"column":15},"end":{"line":195,"column":15}},{"start":{"line":195,"column":15},"end":{"line":195,"column":15}}]},"4":{"line":196,"type":"if","locations":[{"start":{"line":196,"column":8},"end":{"line":196,"column":8}},{"start":{"line":196,"column":8},"end":{"line":196,"column":8}}]},"5":{"line":197,"type":"if","locations":[{"start":{"line":197,"column":8},"end":{"line":197,"column":8}},{"start":{"line":197,"column":8},"end":{"line":197,"column":8}}]},"6":{"line":219,"type":"if","locations":[{"start":{"line":219,"column":15},"end":{"line":219,"column":15}},{"start":{"line":219,"column":15},"end":{"line":219,"column":15}}]},"7":{"line":222,"type":"if","locations":[{"start":{"line":222,"column":8},"end":{"line":222,"column":8}},{"start":{"line":222,"column":8},"end":{"line":222,"column":8}}]},"8":{"line":237,"type":"if","locations":[{"start":{"line":237,"column":8},"end":{"line":237,"column":8}},{"start":{"line":237,"column":8},"end":{"line":237,"column":8}}]},"9":{"line":242,"type":"if","locations":[{"start":{"line":242,"column":8},"end":{"line":242,"column":8}},{"start":{"line":242,"column":8},"end":{"line":242,"column":8}}]},"10":{"line":261,"type":"if","locations":[{"start":{"line":261,"column":8},"end":{"line":261,"column":8}},{"start":{"line":261,"column":8},"end":{"line":261,"column":8}}]},"11":{"line":266,"type":"if","locations":[{"start":{"line":266,"column":8},"end":{"line":266,"column":8}},{"start":{"line":266,"column":8},"end":{"line":266,"column":8}}]},"12":{"line":281,"type":"if","locations":[{"start":{"line":281,"column":8},"end":{"line":281,"column":8}},{"start":{"line":281,"column":8},"end":{"line":281,"column":8}}]},"13":{"line":286,"type":"if","locations":[{"start":{"line":286,"column":8},"end":{"line":286,"column":8}},{"start":{"line":286,"column":8},"end":{"line":286,"column":8}}]},"14":{"line":306,"type":"if","locations":[{"start":{"line":306,"column":8},"end":{"line":306,"column":8}},{"start":{"line":306,"column":8},"end":{"line":306,"column":8}}]},"15":{"line":338,"type":"if","locations":[{"start":{"line":338,"column":8},"end":{"line":338,"column":8}},{"start":{"line":338,"column":8},"end":{"line":338,"column":8}}]},"16":{"line":348,"type":"if","locations":[{"start":{"line":348,"column":8},"end":{"line":348,"column":8}},{"start":{"line":348,"column":8},"end":{"line":348,"column":8}}]}}},"contracts/ToolMarketplace.sol":{"l":{"153":1,"171":8,"172":8,"173":8,"175":8,"176":8,"177":8,"178":8,"180":8,"181":8,"183":8,"184":8,"206":9,"215":9,"225":9,"226":9,"228":9,"237":9,"254":6,"255":0,"257":6,"258":0,"262":6,"263":6,"266":6,"267":6,"268":6,"269":1,"273":5,"276":5,"279":5,"282":5,"283":5,"291":5,"298":5,"300":5,"326":4,"327":0,"331":4,"332":0,"336":4,"337":1,"341":3,"344":3,"345":3,"346":3,"347":3,"350":3,"358":3,"375":0,"377":0,"382":0,"383":0,"385":0,"394":1,"395":1,"398":1,"399":2,"400":2,"401":2,"402":2,"408":1,"409":1,"410":1,"411":2,"412":2,"413":2,"414":2,"415":2,"420":1,"433":1,"446":1,"459":0,"473":0,"474":0,"476":0,"490":0},"path":"/home/macoding/blokko-internal-os/varity/chains/arbitrum/deployments/testnet/testing/generic-company-dashboard/contracts/contracts/ToolMarketplace.sol","s":{"1":1,"2":8,"3":8,"4":8,"5":8,"6":8,"7":9,"8":9,"9":9,"10":9,"11":6,"12":6,"13":6,"14":6,"15":6,"16":6,"17":6,"18":5,"19":5,"20":5,"21":5,"22":5,"23":5,"24":5,"25":4,"26":4,"27":4,"28":3,"29":3,"30":3,"31":3,"32":0,"33":0,"34":0,"35":0,"36":1,"37":1,"38":1,"39":2,"40":2,"41":1,"42":1,"43":1,"44":2,"45":2,"46":1,"47":1,"48":1,"49":0,"50":0,"51":0},"b":{"1":[8,0],"2":[9,0],"3":[6,0],"4":[0,6],"5":[0,6],"6":[1,5],"7":[5,0],"8":[0,4],"9":[0,4],"10":[0,0],"11":[1,3],"12":[0,0],"13":[0,0],"14":[2,0],"15":[2,0],"16":[0,0],"17":[0,0],"18":[0,0]},"f":{"1":1,"2":8,"3":9,"4":6,"5":4,"6":0,"7":1,"8":1,"9":1,"10":0,"11":0,"12":0,"13":0},"fnMap":{"1":{"name":"constructor","line":152,"loc":{"start":{"line":152,"column":4},"end":{"line":154,"column":4}}},"2":{"name":"initialize","line":170,"loc":{"start":{"line":164,"column":4},"end":{"line":185,"column":4}}},"3":{"name":"listTool","line":204,"loc":{"start":{"line":199,"column":4},"end":{"line":238,"column":4}}},"4":{"name":"purchaseLicense","line":253,"loc":{"start":{"line":250,"column":4},"end":{"line":307,"column":4}}},"5":{"name":"leaveReview","line":320,"loc":{"start":{"line":320,"column":4},"end":{"line":365,"column":4}}},"6":{"name":"toggleToolStatus","line":374,"loc":{"start":{"line":374,"column":4},"end":{"line":386,"column":4}}},"7":{"name":"getActiveTools","line":392,"loc":{"start":{"line":392,"column":4},"end":{"line":421,"column":4}}},"8":{"name":"getToolListing","line":428,"loc":{"start":{"line":428,"column":4},"end":{"line":434,"column":4}}},"9":{"name":"getToolReviews","line":441,"loc":{"start":{"line":441,"column":4},"end":{"line":447,"column":4}}},"10":{"name":"getReviewCount","line":454,"loc":{"start":{"line":454,"column":4},"end":{"line":460,"column":4}}},"11":{"name":"updatePlatformFee","line":471,"loc":{"start":{"line":469,"column":4},"end":{"line":477,"column":4}}},"12":{"name":"updateUsdcToken","line":488,"loc":{"start":{"line":486,"column":4},"end":{"line":491,"column":4}}},"13":{"name":"_authorizeUpgrade","line":499,"loc":{"start":{"line":496,"column":4},"end":{"line":500,"column":5}}}},"statementMap":{"1":{"start":{"line":153,"column":8},"end":{"line":153,"column":29}},"2":{"start":{"line":171,"column":8},"end":{"line":171,"column":29}},"3":{"start":{"line":172,"column":8},"end":{"line":172,"column":31}},"4":{"start":{"line":173,"column":8},"end":{"line":173,"column":31}},"5":{"start":{"line":180,"column":8},"end":{"line":180,"column":45}},"6":{"start":{"line":181,"column":8},"end":{"line":181,"column":40}},"7":{"start":{"line":206,"column":8},"end":{"line":206,"column":6564}},"8":{"start":{"line":225,"column":8},"end":{"line":225,"column":34}},"9":{"start":{"line":228,"column":8},"end":{"line":228,"column":7100}},"10":{"start":{"line":237,"column":8},"end":{"line":237,"column":21}},"11":{"start":{"line":254,"column":8},"end":{"line":254,"column":7741}},"12":{"start":{"line":257,"column":8},"end":{"line":257,"column":7835}},"13":{"start":{"line":262,"column":8},"end":{"line":262,"column":92}},"14":{"start":{"line":263,"column":8},"end":{"line":263,"column":59}},"15":{"start":{"line":266,"column":8},"end":{"line":266,"column":39}},"16":{"start":{"line":267,"column":8},"end":{"line":267,"column":69}},"17":{"start":{"line":268,"column":8},"end":{"line":268,"column":8259}},"18":{"start":{"line":276,"column":8},"end":{"line":276,"column":95}},"19":{"start":{"line":279,"column":8},"end":{"line":279,"column":56}},"20":{"start":{"line":282,"column":8},"end":{"line":282,"column":54}},"21":{"start":{"line":283,"column":8},"end":{"line":283,"column":8897}},"22":{"start":{"line":291,"column":8},"end":{"line":291,"column":9078}},"23":{"start":{"line":298,"column":8},"end":{"line":298,"column":57}},"24":{"start":{"line":300,"column":8},"end":{"line":300,"column":9312}},"25":{"start":{"line":326,"column":8},"end":{"line":326,"column":9999}},"26":{"start":{"line":331,"column":8},"end":{"line":331,"column":10193}},"27":{"start":{"line":336,"column":8},"end":{"line":336,"column":10341}},"28":{"start":{"line":344,"column":8},"end":{"line":344,"column":54}},"29":{"start":{"line":345,"column":8},"end":{"line":345,"column":77}},"30":{"start":{"line":350,"column":8},"end":{"line":350,"column":10818}},"31":{"start":{"line":358,"column":8},"end":{"line":358,"column":11032}},"32":{"start":{"line":375,"column":8},"end":{"line":375,"column":92}},"33":{"start":{"line":377,"column":8},"end":{"line":377,"column":11542}},"34":{"start":{"line":382,"column":8},"end":{"line":382,"column":51}},"35":{"start":{"line":385,"column":8},"end":{"line":385,"column":66}},"36":{"start":{"line":394,"column":8},"end":{"line":394,"column":46}},"37":{"start":{"line":395,"column":8},"end":{"line":395,"column":31}},"38":{"start":{"line":398,"column":8},"end":{"line":398,"column":12249}},"39":{"start":{"line":399,"column":12},"end":{"line":399,"column":46}},"40":{"start":{"line":400,"column":12},"end":{"line":400,"column":12374}},"41":{"start":{"line":408,"column":8},"end":{"line":408,"column":60}},"42":{"start":{"line":409,"column":8},"end":{"line":409,"column":25}},"43":{"start":{"line":410,"column":8},"end":{"line":410,"column":12681}},"44":{"start":{"line":411,"column":12},"end":{"line":411,"column":46}},"45":{"start":{"line":412,"column":12},"end":{"line":412,"column":12806}},"46":{"start":{"line":420,"column":8},"end":{"line":420,"column":21}},"47":{"start":{"line":433,"column":8},"end":{"line":433,"column":31}},"48":{"start":{"line":446,"column":8},"end":{"line":446,"column":34}},"49":{"start":{"line":459,"column":8},"end":{"line":459,"column":41}},"50":{"start":{"line":473,"column":8},"end":{"line":473,"column":36}},"51":{"start":{"line":476,"column":8},"end":{"line":476,"column":64}}},"branchMap":{"1":{"line":170,"type":"if","locations":[{"start":{"line":170,"column":13},"end":{"line":170,"column":13}},{"start":{"line":170,"column":13},"end":{"line":170,"column":13}}]},"2":{"line":204,"type":"if","locations":[{"start":{"line":204,"column":15},"end":{"line":204,"column":15}},{"start":{"line":204,"column":15},"end":{"line":204,"column":15}}]},"3":{"line":253,"type":"if","locations":[{"start":{"line":253,"column":15},"end":{"line":253,"column":15}},{"start":{"line":253,"column":15},"end":{"line":253,"column":15}}]},"4":{"line":254,"type":"if","locations":[{"start":{"line":254,"column":8},"end":{"line":254,"column":8}},{"start":{"line":254,"column":8},"end":{"line":254,"column":8}}]},"5":{"line":257,"type":"if","locations":[{"start":{"line":257,"column":8},"end":{"line":257,"column":8}},{"start":{"line":257,"column":8},"end":{"line":257,"column":8}}]},"6":{"line":268,"type":"if","locations":[{"start":{"line":268,"column":8},"end":{"line":268,"column":8}},{"start":{"line":268,"column":8},"end":{"line":268,"column":8}}]},"7":{"line":276,"type":"if","locations":[{"start":{"line":276,"column":8},"end":{"line":276,"column":8}},{"start":{"line":276,"column":8},"end":{"line":276,"column":8}}]},"8":{"line":326,"type":"if","locations":[{"start":{"line":326,"column":8},"end":{"line":326,"column":8}},{"start":{"line":326,"column":8},"end":{"line":326,"column":8}}]},"9":{"line":331,"type":"if","locations":[{"start":{"line":331,"column":8},"end":{"line":331,"column":8}},{"start":{"line":331,"column":8},"end":{"line":331,"column":8}}]},"10":{"line":331,"type":"cond-expr","locations":[{"start":{"line":331,"column":12},"end":{"line":331,"column":30}},{"start":{"line":331,"column":35},"end":{"line":331,"column":53}}]},"11":{"line":336,"type":"if","locations":[{"start":{"line":336,"column":8},"end":{"line":336,"column":8}},{"start":{"line":336,"column":8},"end":{"line":336,"column":8}}]},"12":{"line":377,"type":"if","locations":[{"start":{"line":377,"column":8},"end":{"line":377,"column":8}},{"start":{"line":377,"column":8},"end":{"line":377,"column":8}}]},"13":{"line":378,"type":"cond-expr","locations":[{"start":{"line":378,"column":12},"end":{"line":378,"column":43}},{"start":{"line":378,"column":48},"end":{"line":378,"column":86}}]},"14":{"line":400,"type":"if","locations":[{"start":{"line":400,"column":12},"end":{"line":400,"column":12}},{"start":{"line":400,"column":12},"end":{"line":400,"column":12}}]},"15":{"line":412,"type":"if","locations":[{"start":{"line":412,"column":12},"end":{"line":412,"column":12}},{"start":{"line":412,"column":12},"end":{"line":412,"column":12}}]},"16":{"line":471,"type":"if","locations":[{"start":{"line":471,"column":8},"end":{"line":471,"column":8}},{"start":{"line":471,"column":8},"end":{"line":471,"column":8}}]},"17":{"line":488,"type":"if","locations":[{"start":{"line":488,"column":8},"end":{"line":488,"column":8}},{"start":{"line":488,"column":8},"end":{"line":488,"column":8}}]},"18":{"line":499,"type":"if","locations":[{"start":{"line":499,"column":8},"end":{"line":499,"column":8}},{"start":{"line":499,"column":8},"end":{"line":499,"column":8}}]}}}}